Build started 8/16/2016 1:48:17 AM.
     1>Project "C:\Users\Yue Xian\Desktop\Abyssal clnup\Studio Project 3\Base\Base.vcxproj" on node 2 (Build target(s)).
     1>ClCompile:
         C:\Program Files (x86)\Microsoft Visual Studio 12.0\VC\bin\CL.exe /c /I"C:\Users\Yue Xian\Desktop\Abyssal clnup\Studio Project 3\/Common/Source" /I"C:\Users\Yue Xian\Desktop\Abyssal clnup\Studio Project 3\/glew/include" /I"C:\Users\Yue Xian\Desktop\Abyssal clnup\Studio Project 3\/glfw/include" /ZI /nologo /W3 /WX- /Od /Oy- /D _VARIADIC_MAX=10 /D WIN32 /D _DEBUG /D _CONSOLE /D _UNICODE /D UNICODE /Gm /EHsc /RTC1 /MDd /GS /fp:precise /Zc:wchar_t /Zc:forScope /Fo"Debug\\" /Fd"Debug\vc120.pdb" /Gd /TP /analyze- /errorReport:prompt Source\MeshBuilder.cpp
         MeshBuilder.cpp
     1>c:\users\yue xian\desktop\abyssal clnup\studio project 3\base\source\meshbuilder.cpp(629): warning C4244: 'initializing' : conversion from 'double' to 'float', possible loss of data
     1>c:\users\yue xian\desktop\abyssal clnup\studio project 3\base\source\meshbuilder.cpp(630): warning C4244: 'initializing' : conversion from 'double' to 'float', possible loss of data
     1>cl : Command line warning D9028: minimal rebuild failure, reverting to normal build
       Link:
         C:\Program Files (x86)\Microsoft Visual Studio 12.0\VC\bin\link.exe /ERRORREPORT:PROMPT /OUT:"C:\Users\Yue Xian\Desktop\Abyssal clnup\Studio Project 3\Debug\Base.exe" /INCREMENTAL:NO /NOLOGO /LIBPATH:"C:\Users\Yue Xian\Desktop\Abyssal clnup\Studio Project 3\Debug" /LIBPATH:"C:\Users\Yue Xian\Desktop\Abyssal clnup\Studio Project 3\/glfw/lib-msvc100" /LIBPATH:"C:\Users\Yue Xian\Desktop\Abyssal clnup\Studio Project 3\/glew/lib" Common.lib winmm.lib opengl32.lib glu32.lib glew32.lib glfw3.lib kernel32.lib user32.lib gdi32.lib winspool.lib comdlg32.lib advapi32.lib shell32.lib ole32.lib oleaut32.lib uuid.lib odbc32.lib odbccp32.lib /MANIFEST /MANIFESTUAC:"level='asInvoker' uiAccess='false'" /manifest:embed /DEBUG /PDB:"C:\Users\Yue Xian\Desktop\Abyssal clnup\Studio Project 3\Debug\Base.pdb" /SUBSYSTEM:CONSOLE /TLBID:1 /DYNAMICBASE /NXCOMPAT /IMPLIB:"C:\Users\Yue Xian\Desktop\Abyssal clnup\Studio Project 3\Debug\Base.lib" /MACHINE:X86 Debug\Application.obj
         Debug\Camera.obj
         Debug\Camera2.obj
         Debug\Camera3.obj
         Debug\DepthFBO.obj
         Debug\LoadHmap.obj
         Debug\LoadOBJ.obj
         Debug\LoadTGA.obj
         Debug\main.obj
         Debug\Mesh.obj
         Debug\MeshBuilder.obj
         Debug\Particle.obj
         Debug\shader.obj
         Debug\SpriteAnimation.obj
         Debug\SceneSP3.obj
         Debug\Utility.obj
     1>Application.obj : warning LNK4075: ignoring '/EDITANDCONTINUE' due to '/OPT:LBR' specification
     1>LINK : warning LNK4098: defaultlib 'MSVCRT' conflicts with use of other libs; use /NODEFAULTLIB:library
         Base.vcxproj -> C:\Users\Yue Xian\Desktop\Abyssal clnup\Studio Project 3\Debug\Base.exe
     1>Done Building Project "C:\Users\Yue Xian\Desktop\Abyssal clnup\Studio Project 3\Base\Base.vcxproj" (Build target(s)).

Build succeeded.

Time Elapsed 00:00:00.60
