c:\users\509n1\desktop\sp3\studio project 3\base\debug\vc120.pdb
c:\users\509n1\desktop\sp3\studio project 3\base\debug\vc120.idb
c:\users\509n1\desktop\sp3\studio project 3\base\debug\application.obj
c:\users\509n1\desktop\sp3\studio project 3\base\debug\camera.obj
c:\users\509n1\desktop\sp3\studio project 3\base\debug\camera2.obj
c:\users\509n1\desktop\sp3\studio project 3\base\debug\camera3.obj
c:\users\509n1\desktop\sp3\studio project 3\base\debug\depthfbo.obj
c:\users\509n1\desktop\sp3\studio project 3\base\debug\loadhmap.obj
c:\users\509n1\desktop\sp3\studio project 3\base\debug\loadobj.obj
c:\users\509n1\desktop\sp3\studio project 3\base\debug\loadtga.obj
c:\users\509n1\desktop\sp3\studio project 3\base\debug\main.obj
c:\users\509n1\desktop\sp3\studio project 3\base\debug\mesh.obj
c:\users\509n1\desktop\sp3\studio project 3\base\debug\meshbuilder.obj
c:\users\509n1\desktop\sp3\studio project 3\base\debug\particle.obj
c:\users\509n1\desktop\sp3\studio project 3\base\debug\shader.obj
c:\users\509n1\desktop\sp3\studio project 3\base\debug\spriteanimation.obj
c:\users\509n1\desktop\sp3\studio project 3\base\debug\scenesp3.obj
c:\users\509n1\desktop\sp3\studio project 3\base\debug\utility.obj
c:\users\509n1\desktop\sp3\studio project 3\base\debug\thirdpersoncamera.obj
c:\users\509n1\desktop\sp3\studio project 3\base\debug\walkcamera.obj
c:\users\509n1\desktop\sp3\studio project 3\base\debug\capture.obj
c:\users\509n1\desktop\sp3\studio project 3\debug\base.exe
c:\users\509n1\desktop\sp3\studio project 3\debug\base.pdb
c:\users\509n1\desktop\sp3\studio project 3\base\debug\base.tlog\cl.command.1.tlog
c:\users\509n1\desktop\sp3\studio project 3\base\debug\base.tlog\cl.read.1.tlog
c:\users\509n1\desktop\sp3\studio project 3\base\debug\base.tlog\cl.write.1.tlog
c:\users\509n1\desktop\sp3\studio project 3\base\debug\base.tlog\link.command.1.tlog
c:\users\509n1\desktop\sp3\studio project 3\base\debug\base.tlog\link.read.1.tlog
c:\users\509n1\desktop\sp3\studio project 3\base\debug\base.tlog\link.write.1.tlog
